#
# A fatal error has been detected by the Java Runtime Environment:
#
#  EXCEPTION_ACCESS_VIOLATION (0xc0000005) at pc=0x00000188f8d01066, pid=19180, tid=0x00000000000023b0
#
# JRE version: OpenJDK Runtime Environment (8.0_402-b06) (build 1.8.0_402-b06)
# Java VM: OpenJDK 64-Bit Server VM (25.402-b06 mixed mode windows-amd64 compressed oops)
# Problematic frame:
# C  [OpenAL64.dll+0x11066]
#
# Failed to write core dump. Minidumps are not enabled by default on client versions of Windows
#
# If you would like to submit a bug report, please visit:
#   https://github.com/adoptium/adoptium-support/issues
# The crash happened outside the Java Virtual Machine in native code.
# See problematic frame for where to report the bug.
#

---------------  T H R E A D  ---------------

Current thread (0x00000188e0ac6000):  JavaThread "main" [_thread_in_native, id=9136, stack(0x00000065a2c00000,0x00000065a2d00000)]

siginfo: ExceptionCode=0xc0000005, reading address 0x00000188f6b0a004

Registers:
RAX=0x0000000000000004, RBX=0x00000188f8e60090, RCX=0x00000188f6b0a008, RDX=0x00000188f6b0a004
RSP=0x00000065a2cfc580, RBP=0x00000000000000ff, RSI=0x00000188f6b0060c, RDI=0x0000000000000000
R8 =0x000000000000267e, R9 =0x00000188f6b0060c, R10=0x00000188e2339622, R11=0x0000000068e58ff0
R12=0x0000000000000001, R13=0x00000188f78e1bb8, R14=0x00000065a2cfc720, R15=0x00000188e0ac6000
RIP=0x00000188f8d01066, EFLAGS=0x0000000000010202

Top of Stack: (sp=0x00000065a2cfc580)
0x00000065a2cfc580:   0000000000000000 00000188e0ac6000
0x00000065a2cfc590:   00000065a2cfc720 00000188f78e1bb8
0x00000065a2cfc5a0:   00000188f78e1bb8 0000000000000000
0x00000065a2cfc5b0:   00000188e0ac6000 0000000000000000
0x00000065a2cfc5c0:   00000065a2cfc6e8 0000000068cef2bb
0x00000065a2cfc5d0:   00000065a2cfc600 00000188e237a2d3
0x00000065a2cfc5e0:   00000188e0a85e80 00000188e0ac6460
0x00000065a2cfc5f0:   00000188e0ac6000 00000065a2cfc720
0x00000065a2cfc600:   00000188f78e1bb8 0000000000000000
0x00000065a2cfc610:   00000188f6b0060c 0000000000000248
0x00000065a2cfc620:   00000065a2cfc6e8 00000188f8d0248f
0x00000065a2cfc630:   00000188f8e60090 00000188f8e60090
0x00000065a2cfc640:   000001880000ac44 0000018800000004
0x00000065a2cfc650:   00000188e2327bd0 00000188e233964e
0x00000065a2cfc660:   00000188f78e1bb8 0000000000000248
0x00000065a2cfc670:   00000188e2327bd0 00000188e233935b 

Instructions: (pc=0x00000188f8d01066)
0x00000188f8d01046:   41 2b ec 81 3a 03 00 02 00 75 09 8b 01 89 84 24
0x00000188f8d01056:   c8 00 00 00 49 83 c0 02 48 83 c1 08 4a 8d 14 86
0x00000188f8d01066:   39 3a 75 af 4c 8d 84 24 c0 00 00 00 48 8d 15 d7
0x00000188f8d01076:   2b 03 00 33 c9 e8 58 5f 00 00 b8 40 1f 00 00 4c 


Register to memory mapping:

RAX=0x0000000000000004 is an unknown value
RBX=0x00000188f8e60090 is an unknown value
RCX=0x00000188f6b0a008 is an unknown value
RDX=0x00000188f6b0a004 is an unknown value
RSP=0x00000065a2cfc580 is pointing into the stack for thread: 0x00000188e0ac6000
RBP=0x00000000000000ff is an unknown value
RSI=0x00000188f6b0060c is an unknown value
RDI=0x0000000000000000 is an unknown value
R8 =0x000000000000267e is an unknown value
R9 =0x00000188f6b0060c is an unknown value
R10=0x00000188e2339622 is at code_begin+962 in an Interpreter codelet
method entry point (kind = native)  [0x00000188e2339260, 0x00000188e2339d00]  2720 bytes
R11=0x0000000068e58ff0 is an unknown value
R12=0x0000000000000001 is an unknown value
R13={method} {0x00000188f78e1bc0} 'nalcCreateContext' '(JJ)J' in 'org/lwjgl/openal/ALC10'
R14=0x00000065a2cfc720 is pointing into the stack for thread: 0x00000188e0ac6000
R15=0x00000188e0ac6000 is a thread


Stack: [0x00000065a2c00000,0x00000065a2d00000],  sp=0x00000065a2cfc580,  free space=1009k
Native frames: (J=compiled Java code, j=interpreted, Vv=VM code, C=native code)
C  [OpenAL64.dll+0x11066]
C  [OpenAL64.dll+0x1248f]
C  0x00000188e233964e

Java frames: (J=compiled Java code, j=interpreted, Vv=VM code)
j  org.lwjgl.openal.ALC10.nalcCreateContext(JJ)J+0
j  org.lwjgl.openal.ALC10.alcCreateContext(Lorg/lwjgl/openal/ALCdevice;Ljava/nio/IntBuffer;)Lorg/lwjgl/openal/ALCcontext;+8
j  org.lwjgl.openal.AL.init(Ljava/lang/String;IIZZ)V+69
j  org.lwjgl.openal.AL.create(Ljava/lang/String;IIZZ)V+246
j  org.lwjgl.openal.AL.create(Ljava/lang/String;IIZ)V+5
j  org.lwjgl.openal.AL.create()V+6
j  com.badlogic.gdx.backends.lwjgl.audio.OpenALAudio.<init>(III)V+114
j  com.badlogic.gdx.backends.lwjgl.LwjglApplication.<init>(Lcom/badlogic/gdx/ApplicationListener;Lcom/badlogic/gdx/backends/lwjgl/LwjglApplicationConfiguration;Lcom/badlogic/gdx/backends/lwjgl/LwjglGraphics;)V+120
j  com.badlogic.gdx.backends.lwjgl.LwjglApplication.<init>(Lcom/badlogic/gdx/ApplicationListener;Lcom/badlogic/gdx/backends/lwjgl/LwjglApplicationConfiguration;)V+11
j  org.uqbar.project.wollok.game.gameboard.WollokGDXApplication.<init>(Lorg/uqbar/project/wollok/game/gameboard/Gameboard;Ljava/lang/Boolean;)V+17
j  org.uqbar.project.wollok.game.helpers.Application.start(Lorg/uqbar/project/wollok/game/gameboard/Gameboard;Ljava/lang/Boolean;)V+5
j  org.uqbar.project.wollok.game.gameboard.Gameboard.start(Ljava/lang/Boolean;)V+13
j  wollok.game.GameObject.doStart(Ljava/lang/Boolean;)V+12
v  ~StubRoutines::call_stub
J 3251  sun.reflect.NativeMethodAccessorImpl.invoke0(Ljava/lang/reflect/Method;Ljava/lang/Object;[Ljava/lang/Object;)Ljava/lang/Object; (0 bytes) @ 0x00000188e2d58d7f [0x00000188e2d58d00+0x7f]
J 3250 C1 sun.reflect.NativeMethodAccessorImpl.invoke(Ljava/lang/Object;[Ljava/lang/Object;)Ljava/lang/Object; (104 bytes) @ 0x00000188e2d58484 [0x00000188e2d580e0+0x3a4]
J 2736 C1 sun.reflect.DelegatingMethodAccessorImpl.invoke(Ljava/lang/Object;[Ljava/lang/Object;)Ljava/lang/Object; (10 bytes) @ 0x00000188e2c330c4 [0x00000188e2c32fc0+0x104]
J 2735 C1 java.lang.reflect.Method.invoke(Ljava/lang/Object;[Ljava/lang/Object;)Ljava/lang/Object; (62 bytes) @ 0x00000188e2c32aec [0x00000188e2c32700+0x3ec]
j  org.uqbar.project.wollok.ui.utils.XTendUtilExtensions.invokeConvertingArgs(Ljava/lang/reflect/Method;Ljava/lang/Object;[Ljava/lang/Object;)Lorg/uqbar/project/wollok/interpreter/core/WollokObject;+261
j  org.uqbar.project.wollok.interpreter.AbstractWollokCallable._invokeNative(Ljava/lang/Object;Ljava/lang/String;[Lorg/uqbar/project/wollok/interpreter/core/WollokObject;)Lorg/uqbar/project/wollok/interpreter/core/WollokObject;+41
j  org.uqbar.project.wollok.interpreter.AbstractWollokCallable.invokeNative(Ljava/lang/Object;Ljava/lang/String;[Lorg/uqbar/project/wollok/interpreter/core/WollokObject;)Lorg/uqbar/project/wollok/interpreter/core/WollokObject;+26
j  org.uqbar.project.wollok.interpreter.AbstractWollokCallable$1.apply()Lorg/uqbar/project/wollok/interpreter/core/WollokObject;+55
j  org.uqbar.project.wollok.interpreter.AbstractWollokCallable$1.apply()Ljava/lang/Object;+1
j  org.uqbar.project.wollok.interpreter.threads.WThread.performOnStack(Lorg/eclipse/emf/ecore/EObject;Lorg/uqbar/project/wollok/interpreter/context/EvaluationContext;Lorg/eclipse/xtext/xbase/lib/Functions$Function0;)Lorg/uqbar/project/wollok/interpreter/core/WollokObject;+29
j  org.uqbar.project.wollok.interpreter.WollokInterpreter.performOnStack(Lorg/eclipse/emf/ecore/EObject;Lorg/uqbar/project/wollok/interpreter/context/EvaluationContext;Lorg/eclipse/xtext/xbase/lib/Functions$Function0;)Lorg/uqbar/project/wollok/interpreter/core/WollokObject;+7
j  org.uqbar.project.wollok.interpreter.AbstractWollokCallable.call(Lorg/uqbar/project/wollok/wollokDsl/WMethodDeclaration;[Lorg/uqbar/project/wollok/interpreter/core/WollokObject;)Lorg/uqbar/project/wollok/interpreter/core/WollokObject;+38
j  org.uqbar.project.wollok.interpreter.core.WollokObject.call(Ljava/lang/String;[Lorg/uqbar/project/wollok/interpreter/core/WollokObject;)Lorg/uqbar/project/wollok/interpreter/core/WollokObject;+55
j  org.uqbar.project.wollok.interpreter.WollokInterpreterEvaluator._evaluate(Lorg/uqbar/project/wollok/wollokDsl/WFeatureCall;)Lorg/uqbar/project/wollok/interpreter/core/WollokObject;+119
J 3271 C1 org.uqbar.project.wollok.launch.WollokLauncherInterpreterEvaluator.evaluate(Lorg/eclipse/emf/ecore/EObject;)Lorg/uqbar/project/wollok/interpreter/core/WollokObject; (502 bytes) @ 0x00000188e2d62bc4 [0x00000188e2d61b80+0x1044]
J 3270 C1 org.uqbar.project.wollok.interpreter.WollokInterpreterEvaluator.evaluate(Lorg/eclipse/emf/ecore/EObject;)Ljava/lang/Object; (6 bytes) @ 0x00000188e2d613ac [0x00000188e2d61340+0x6c]
j  org.uqbar.project.wollok.interpreter.WollokInterpreter.eval(Lorg/eclipse/emf/ecore/EObject;)Lorg/uqbar/project/wollok/interpreter/core/WollokObject;+63
j  org.uqbar.project.wollok.interpreter.WollokInterpreterEvaluator.eval(Lorg/eclipse/emf/ecore/EObject;)Lorg/uqbar/project/wollok/interpreter/core/WollokObject;+5
j  org.uqbar.project.wollok.interpreter.WollokInterpreterEvaluator$1.apply(Lorg/uqbar/project/wollok/interpreter/core/WollokObject;Lorg/eclipse/emf/ecore/EObject;)Lorg/uqbar/project/wollok/interpreter/core/WollokObject;+5
j  org.uqbar.project.wollok.interpreter.WollokInterpreterEvaluator$1.apply(Ljava/lang/Object;Ljava/lang/Object;)Ljava/lang/Object;+9
j  org.eclipse.xtext.xbase.lib.IteratorExtensions.fold(Ljava/util/Iterator;Ljava/lang/Object;Lorg/eclipse/xtext/xbase/lib/Functions$Function2;)Ljava/lang/Object;+19
j  org.eclipse.xtext.xbase.lib.IterableExtensions.fold(Ljava/lang/Iterable;Ljava/lang/Object;Lorg/eclipse/xtext/xbase/lib/Functions$Function2;)Ljava/lang/Object;+8
j  org.uqbar.project.wollok.interpreter.WollokInterpreterEvaluator.evalAll(Ljava/lang/Iterable;)Lorg/uqbar/project/wollok/interpreter/core/WollokObject;+12
j  org.uqbar.project.wollok.interpreter.WollokInterpreterEvaluator._evaluate(Lorg/uqbar/project/wollok/wollokDsl/WBlockExpression;)Lorg/uqbar/project/wollok/interpreter/core/WollokObject;+34
J 3271 C1 org.uqbar.project.wollok.launch.WollokLauncherInterpreterEvaluator.evaluate(Lorg/eclipse/emf/ecore/EObject;)Lorg/uqbar/project/wollok/interpreter/core/WollokObject; (502 bytes) @ 0x00000188e2d637a4 [0x00000188e2d61b80+0x1c24]
J 3270 C1 org.uqbar.project.wollok.interpreter.WollokInterpreterEvaluator.evaluate(Lorg/eclipse/emf/ecore/EObject;)Ljava/lang/Object; (6 bytes) @ 0x00000188e2d613ac [0x00000188e2d61340+0x6c]
j  org.uqbar.project.wollok.interpreter.WollokInterpreter.eval(Lorg/eclipse/emf/ecore/EObject;)Lorg/uqbar/project/wollok/interpreter/core/WollokObject;+63
j  org.uqbar.project.wollok.interpreter.AbstractWollokCallable.eval(Lorg/eclipse/emf/ecore/EObject;)Lorg/uqbar/project/wollok/interpreter/core/WollokObject;+5
j  org.uqbar.project.wollok.interpreter.AbstractWollokCallable$1.apply()Lorg/uqbar/project/wollok/interpreter/core/WollokObject;+110
j  org.uqbar.project.wollok.interpreter.AbstractWollokCallable$1.apply()Ljava/lang/Object;+1
j  org.uqbar.project.wollok.interpreter.threads.WThread.performOnStack(Lorg/eclipse/emf/ecore/EObject;Lorg/uqbar/project/wollok/interpreter/context/EvaluationContext;Lorg/eclipse/xtext/xbase/lib/Functions$Function0;)Lorg/uqbar/project/wollok/interpreter/core/WollokObject;+29
j  org.uqbar.project.wollok.interpreter.WollokInterpreter.performOnStack(Lorg/eclipse/emf/ecore/EObject;Lorg/uqbar/project/wollok/interpreter/context/EvaluationContext;Lorg/eclipse/xtext/xbase/lib/Functions$Function0;)Lorg/uqbar/project/wollok/interpreter/core/WollokObject;+7
j  org.uqbar.project.wollok.interpreter.AbstractWollokCallable.call(Lorg/uqbar/project/wollok/wollokDsl/WMethodDeclaration;[Lorg/uqbar/project/wollok/interpreter/core/WollokObject;)Lorg/uqbar/project/wollok/interpreter/core/WollokObject;+38
j  org.uqbar.project.wollok.interpreter.core.WollokObject.call(Ljava/lang/String;[Lorg/uqbar/project/wollok/interpreter/core/WollokObject;)Lorg/uqbar/project/wollok/interpreter/core/WollokObject;+55
j  org.uqbar.project.wollok.interpreter.WollokInterpreterEvaluator._evaluate(Lorg/uqbar/project/wollok/wollokDsl/WFeatureCall;)Lorg/uqbar/project/wollok/interpreter/core/WollokObject;+119
J 3271 C1 org.uqbar.project.wollok.launch.WollokLauncherInterpreterEvaluator.evaluate(Lorg/eclipse/emf/ecore/EObject;)Lorg/uqbar/project/wollok/interpreter/core/WollokObject; (502 bytes) @ 0x00000188e2d62bc4 [0x00000188e2d61b80+0x1044]
J 3270 C1 org.uqbar.project.wollok.interpreter.WollokInterpreterEvaluator.evaluate(Lorg/eclipse/emf/ecore/EObject;)Ljava/lang/Object; (6 bytes) @ 0x00000188e2d613ac [0x00000188e2d61340+0x6c]
j  org.uqbar.project.wollok.interpreter.WollokInterpreter.eval(Lorg/eclipse/emf/ecore/EObject;)Lorg/uqbar/project/wollok/interpreter/core/WollokObject;+63
j  org.uqbar.project.wollok.interpreter.WollokInterpreterEvaluator.eval(Lorg/eclipse/emf/ecore/EObject;)Lorg/uqbar/project/wollok/interpreter/core/WollokObject;+5
j  org.uqbar.project.wollok.interpreter.WollokInterpreterEvaluator$1.apply(Lorg/uqbar/project/wollok/interpreter/core/WollokObject;Lorg/eclipse/emf/ecore/EObject;)Lorg/uqbar/project/wollok/interpreter/core/WollokObject;+5
j  org.uqbar.project.wollok.interpreter.WollokInterpreterEvaluator$1.apply(Ljava/lang/Object;Ljava/lang/Object;)Ljava/lang/Object;+9
j  org.eclipse.xtext.xbase.lib.IteratorExtensions.fold(Ljava/util/Iterator;Ljava/lang/Object;Lorg/eclipse/xtext/xbase/lib/Functions$Function2;)Ljava/lang/Object;+19
j  org.eclipse.xtext.xbase.lib.IterableExtensions.fold(Ljava/lang/Iterable;Ljava/lang/Object;Lorg/eclipse/xtext/xbase/lib/Functions$Function2;)Ljava/lang/Object;+8
j  org.uqbar.project.wollok.interpreter.WollokInterpreterEvaluator.evalAll(Ljava/lang/Iterable;)Lorg/uqbar/project/wollok/interpreter/core/WollokObject;+12
j  org.uqbar.project.wollok.interpreter.WollokInterpreterEvaluator._evaluate(Lorg/uqbar/project/wollok/wollokDsl/WProgram;)Lorg/uqbar/project/wollok/interpreter/core/WollokObject;+18
j  org.uqbar.project.wollok.launch.WollokLauncherInterpreterEvaluator.evaluate(Lorg/eclipse/emf/ecore/EObject;)Lorg/uqbar/project/wollok/interpreter/core/WollokObject;+444
j  org.uqbar.project.wollok.interpreter.WollokInterpreterEvaluator.evaluate(Lorg/eclipse/emf/ecore/EObject;)Ljava/lang/Object;+2
j  org.uqbar.project.wollok.interpreter.WollokInterpreter.eval(Lorg/eclipse/emf/ecore/EObject;)Lorg/uqbar/project/wollok/interpreter/core/WollokObject;+63
j  org.uqbar.project.wollok.interpreter.WollokInterpreterEvaluator.eval(Lorg/eclipse/emf/ecore/EObject;)Lorg/uqbar/project/wollok/interpreter/core/WollokObject;+5
j  org.uqbar.project.wollok.launch.WollokLauncherInterpreterEvaluator._evaluate(Lorg/uqbar/project/wollok/wollokDsl/WFile;)Lorg/uqbar/project/wollok/interpreter/core/WollokObject;+32
j  org.uqbar.project.wollok.launch.WollokLauncherInterpreterEvaluator.evaluate(Lorg/eclipse/emf/ecore/EObject;)Lorg/uqbar/project/wollok/interpreter/core/WollokObject;+428
j  org.uqbar.project.wollok.interpreter.WollokInterpreterEvaluator.evaluate(Lorg/eclipse/emf/ecore/EObject;)Ljava/lang/Object;+2
j  org.uqbar.project.wollok.interpreter.WollokInterpreter.interpret(Lorg/eclipse/emf/ecore/EObject;Ljava/lang/Boolean;)Lorg/uqbar/project/wollok/interpreter/core/WollokObject;+25
j  org.uqbar.project.wollok.interpreter.WollokInterpreter.interpret(Lorg/eclipse/emf/ecore/EObject;)Lorg/uqbar/project/wollok/interpreter/core/WollokObject;+8
j  org.uqbar.project.wollok.launch.WollokLauncher.doSomething(Lorg/uqbar/project/wollok/wollokDsl/WFile;Lcom/google/inject/Injector;Ljava/io/File;Lorg/uqbar/project/wollok/launch/WollokLauncherParameters;)V+109
j  org.uqbar.project.wollok.launch.WollokChecker.launch(Ljava/lang/String;Lorg/uqbar/project/wollok/launch/WollokLauncherParameters;)V+31
j  org.uqbar.project.wollok.launch.WollokChecker.doMain([Ljava/lang/String;)V+205
j  org.uqbar.project.wollok.launch.WollokLauncher.main([Ljava/lang/String;)V+8
v  ~StubRoutines::call_stub

---------------  P R O C E S S  ---------------

Java Threads: ( => current thread )
  0x00000188f5aa1800 JavaThread "com.google.inject.internal.util.$Finalizer" daemon [_thread_blocked, id=8088, stack(0x00000065a3900000,0x00000065a3a00000)]
  0x00000188f597a800 JavaThread "EMF Reference Cleaner" daemon [_thread_blocked, id=10560, stack(0x00000065a3800000,0x00000065a3900000)]
  0x00000188f4909800 JavaThread "Service Thread" daemon [_thread_blocked, id=9452, stack(0x00000065a3600000,0x00000065a3700000)]
  0x00000188f4906000 JavaThread "C1 CompilerThread1" daemon [_thread_blocked, id=11748, stack(0x00000065a3500000,0x00000065a3600000)]
  0x00000188f48ad800 JavaThread "C2 CompilerThread0" daemon [_thread_blocked, id=20228, stack(0x00000065a3400000,0x00000065a3500000)]
  0x00000188f48a4000 JavaThread "Attach Listener" daemon [_thread_blocked, id=20056, stack(0x00000065a3300000,0x00000065a3400000)]
  0x00000188f48a0800 JavaThread "Signal Dispatcher" daemon [_thread_blocked, id=12612, stack(0x00000065a3200000,0x00000065a3300000)]
  0x00000188f487b000 JavaThread "Finalizer" daemon [_thread_blocked, id=9704, stack(0x00000065a3100000,0x00000065a3200000)]
  0x00000188f4874000 JavaThread "Reference Handler" daemon [_thread_blocked, id=9568, stack(0x00000065a3000000,0x00000065a3100000)]
=>0x00000188e0ac6000 JavaThread "main" [_thread_in_native, id=9136, stack(0x00000065a2c00000,0x00000065a2d00000)]

Other Threads:
  0x00000188f43a5800 VMThread [stack: 0x00000065a2f00000,0x00000065a3000000] [id=5064]
  0x00000188f490c800 WatcherThread [stack: 0x00000065a3700000,0x00000065a3800000] [id=11072]

VM state:not at safepoint (normal execution)

VM Mutex/Monitor currently owned by a thread: None

heap address: 0x00000000c2c00000, size: 980 MB, Compressed Oops mode: 32-bit
Narrow klass base: 0x0000000000000000, Narrow klass shift: 3
Compressed class space size: 1073741824 Address: 0x0000000100000000

Heap:
 PSYoungGen      total 74752K, used 24696K [0x00000000eb980000, 0x00000000f4e80000, 0x0000000100000000)
  eden space 62464K, 39% used [0x00000000eb980000,0x00000000ed19e250,0x00000000ef680000)
  from space 12288K, 0% used [0x00000000ef680000,0x00000000ef680000,0x00000000f0280000)
  to   space 13824K, 0% used [0x00000000f4100000,0x00000000f4100000,0x00000000f4e80000)
 ParOldGen       total 51712K, used 20036K [0x00000000c2c00000, 0x00000000c5e80000, 0x00000000eb980000)
  object space 51712K, 38% used [0x00000000c2c00000,0x00000000c3f911c0,0x00000000c5e80000)
 Metaspace       used 22161K, capacity 22504K, committed 22656K, reserved 1069056K
  class space    used 2765K, capacity 2880K, committed 2944K, reserved 1048576K

Card table byte_map: [0x00000188f16e0000,0x00000188f18d0000] byte_map_base: 0x00000188f10ca000

Marking Bits: (ParMarkBitMap*) 0x0000000069430850
 Begin Bits: [0x00000188f1a20000, 0x00000188f2970000)
 End Bits:   [0x00000188f2970000, 0x00000188f38c0000)

Polling page: 0x00000188e0a10000

CodeCache: size=245760Kb used=10460Kb max_used=10798Kb free=235299Kb
 bounds [0x00000188e2320000, 0x00000188e2dc0000, 0x00000188f1320000]
 total_blobs=3672 nmethods=3219 adapters=365
 compilation: enabled

Compilation events (10 events):
Event: 10.676 Thread 0x00000188f4906000 3361       3       java.io.FileInputStream::read (9 bytes)
Event: 10.676 Thread 0x00000188f4906000 nmethod 3361 0x00000188e24b69d0 code [0x00000188e24b6b40, 0x00000188e24b6cd0]
Event: 10.698 Thread 0x00000188f48ad800 3362   !   4       java.lang.ClassLoader::loadClass (122 bytes)
Event: 10.699 Thread 0x00000188f4906000 3363       3       java.nio.DirectByteBuffer::put (18 bytes)
Event: 10.699 Thread 0x00000188f4906000 nmethod 3363 0x00000188e2462350 code [0x00000188e24624c0, 0x00000188e2462738]
Event: 10.701 Thread 0x00000188f4906000 3365       3       java.nio.DirectByteBuffer::ix (10 bytes)
Event: 10.701 Thread 0x00000188f4906000 nmethod 3365 0x00000188e24cfed0 code [0x00000188e24d0020, 0x00000188e24d0178]
Event: 10.701 Thread 0x00000188f4906000 3366       3       java.nio.DirectByteBuffer::put (18 bytes)
Event: 10.702 Thread 0x00000188f4906000 nmethod 3366 0x00000188e2469090 code [0x00000188e2469200, 0x00000188e2469478]
Event: 10.786 Thread 0x00000188f48ad800 nmethod 3362 0x00000188e2db3890 code [0x00000188e2db3c20, 0x00000188e2db6508]

GC Heap History (10 events):
Event: 2.790 GC heap before
{Heap before GC invocations=4 (full 0):
 PSYoungGen      total 18432K, used 18417K [0x00000000eb980000, 0x00000000edd80000, 0x0000000100000000)
  eden space 15872K, 100% used [0x00000000eb980000,0x00000000ec900000,0x00000000ec900000)
  from space 2560K, 99% used [0x00000000ec900000,0x00000000ecb7c780,0x00000000ecb80000)
  to   space 2560K, 0% used [0x00000000edb00000,0x00000000edb00000,0x00000000edd80000)
 ParOldGen       total 42496K, used 7046K [0x00000000c2c00000, 0x00000000c5580000, 0x00000000eb980000)
  object space 42496K, 16% used [0x00000000c2c00000,0x00000000c32e1800,0x00000000c5580000)
 Metaspace       used 10034K, capacity 10196K, committed 10368K, reserved 1058816K
  class space    used 1195K, capacity 1288K, committed 1408K, reserved 1048576K
Event: 2.816 GC heap after
Heap after GC invocations=4 (full 0):
 PSYoungGen      total 34304K, used 2528K [0x00000000eb980000, 0x00000000edd80000, 0x0000000100000000)
  eden space 31744K, 0% used [0x00000000eb980000,0x00000000eb980000,0x00000000ed880000)
  from space 2560K, 98% used [0x00000000edb00000,0x00000000edd78030,0x00000000edd80000)
  to   space 2560K, 0% used [0x00000000ed880000,0x00000000ed880000,0x00000000edb00000)
 ParOldGen       total 42496K, used 13347K [0x00000000c2c00000, 0x00000000c5580000, 0x00000000eb980000)
  object space 42496K, 31% used [0x00000000c2c00000,0x00000000c3908d80,0x00000000c5580000)
 Metaspace       used 10034K, capacity 10196K, committed 10368K, reserved 1058816K
  class space    used 1195K, capacity 1288K, committed 1408K, reserved 1048576K
}
Event: 4.063 GC heap before
{Heap before GC invocations=5 (full 0):
 PSYoungGen      total 34304K, used 34272K [0x00000000eb980000, 0x00000000edd80000, 0x0000000100000000)
  eden space 31744K, 100% used [0x00000000eb980000,0x00000000ed880000,0x00000000ed880000)
  from space 2560K, 98% used [0x00000000edb00000,0x00000000edd78030,0x00000000edd80000)
  to   space 2560K, 0% used [0x00000000ed880000,0x00000000ed880000,0x00000000edb00000)
 ParOldGen       total 42496K, used 13347K [0x00000000c2c00000, 0x00000000c5580000, 0x00000000eb980000)
  object space 42496K, 31% used [0x00000000c2c00000,0x00000000c3908d80,0x00000000c5580000)
 Metaspace       used 13551K, capacity 13728K, committed 14080K, reserved 1060864K
  class space    used 1670K, capacity 1738K, committed 1792K, reserved 1048576K
Event: 4.087 GC heap after
Heap after GC invocations=5 (full 0):
 PSYoungGen      total 34304K, used 2528K [0x00000000eb980000, 0x00000000f0d80000, 0x0000000100000000)
  eden space 31744K, 0% used [0x00000000eb980000,0x00000000eb980000,0x00000000ed880000)
  from space 2560K, 98% used [0x00000000ed880000,0x00000000edaf8010,0x00000000edb00000)
  to   space 11264K, 0% used [0x00000000f0280000,0x00000000f0280000,0x00000000f0d80000)
 ParOldGen       total 42496K, used 20036K [0x00000000c2c00000, 0x00000000c5580000, 0x00000000eb980000)
  object space 42496K, 47% used [0x00000000c2c00000,0x00000000c3f91090,0x00000000c5580000)
 Metaspace       used 13551K, capacity 13728K, committed 14080K, reserved 1060864K
  class space    used 1670K, capacity 1738K, committed 1792K, reserved 1048576K
}
Event: 5.230 GC heap before
{Heap before GC invocations=6 (full 0):
 PSYoungGen      total 34304K, used 34272K [0x00000000eb980000, 0x00000000f0d80000, 0x0000000100000000)
  eden space 31744K, 100% used [0x00000000eb980000,0x00000000ed880000,0x00000000ed880000)
  from space 2560K, 98% used [0x00000000ed880000,0x00000000edaf8010,0x00000000edb00000)
  to   space 11264K, 0% used [0x00000000f0280000,0x00000000f0280000,0x00000000f0d80000)
 ParOldGen       total 42496K, used 20036K [0x00000000c2c00000, 0x00000000c5580000, 0x00000000eb980000)
  object space 42496K, 47% used [0x00000000c2c00000,0x00000000c3f91090,0x00000000c5580000)
 Metaspace       used 17206K, capacity 17462K, committed 17664K, reserved 1064960K
  class space    used 2188K, capacity 2291K, committed 2304K, reserved 1048576K
Event: 5.256 GC heap after
Heap after GC invocations=6 (full 0):
 PSYoungGen      total 73728K, used 9198K [0x00000000eb980000, 0x00000000f0f80000, 0x0000000100000000)
  eden space 62464K, 0% used [0x00000000eb980000,0x00000000eb980000,0x00000000ef680000)
  from space 11264K, 81% used [0x00000000f0280000,0x00000000f0b7bad0,0x00000000f0d80000)
  to   space 12288K, 0% used [0x00000000ef680000,0x00000000ef680000,0x00000000f0280000)
 ParOldGen       total 42496K, used 20036K [0x00000000c2c00000, 0x00000000c5580000, 0x00000000eb980000)
  object space 42496K, 47% used [0x00000000c2c00000,0x00000000c3f91090,0x00000000c5580000)
 Metaspace       used 17206K, capacity 17462K, committed 17664K, reserved 1064960K
  class space    used 2188K, capacity 2291K, committed 2304K, reserved 1048576K
}
Event: 8.196 GC heap before
{Heap before GC invocations=7 (full 0):
 PSYoungGen      total 73728K, used 47120K [0x00000000eb980000, 0x00000000f0f80000, 0x0000000100000000)
  eden space 62464K, 60% used [0x00000000eb980000,0x00000000ede88538,0x00000000ef680000)
  from space 11264K, 81% used [0x00000000f0280000,0x00000000f0b7bad0,0x00000000f0d80000)
  to   space 12288K, 0% used [0x00000000ef680000,0x00000000ef680000,0x00000000f0280000)
 ParOldGen       total 42496K, used 20036K [0x00000000c2c00000, 0x00000000c5580000, 0x00000000eb980000)
  object space 42496K, 47% used [0x00000000c2c00000,0x00000000c3f91090,0x00000000c5580000)
 Metaspace       used 20836K, capacity 21098K, committed 21248K, reserved 1067008K
  class space    used 2632K, capacity 2731K, committed 2816K, reserved 1048576K
Event: 8.236 GC heap after
Heap after GC invocations=7 (full 0):
 PSYoungGen      total 74752K, used 11796K [0x00000000eb980000, 0x00000000f4e80000, 0x0000000100000000)
  eden space 62464K, 0% used [0x00000000eb980000,0x00000000eb980000,0x00000000ef680000)
  from space 12288K, 95% used [0x00000000ef680000,0x00000000f0205120,0x00000000f0280000)
  to   space 13824K, 0% used [0x00000000f4100000,0x00000000f4100000,0x00000000f4e80000)
 ParOldGen       total 42496K, used 20356K [0x00000000c2c00000, 0x00000000c5580000, 0x00000000eb980000)
  object space 42496K, 47% used [0x00000000c2c00000,0x00000000c3fe10a0,0x00000000c5580000)
 Metaspace       used 20836K, capacity 21098K, committed 21248K, reserved 1067008K
  class space    used 2632K, capacity 2731K, committed 2816K, reserved 1048576K
}
Event: 8.236 GC heap before
{Heap before GC invocations=8 (full 1):
 PSYoungGen      total 74752K, used 11796K [0x00000000eb980000, 0x00000000f4e80000, 0x0000000100000000)
  eden space 62464K, 0% used [0x00000000eb980000,0x00000000eb980000,0x00000000ef680000)
  from space 12288K, 95% used [0x00000000ef680000,0x00000000f0205120,0x00000000f0280000)
  to   space 13824K, 0% used [0x00000000f4100000,0x00000000f4100000,0x00000000f4e80000)
 ParOldGen       total 42496K, used 20356K [0x00000000c2c00000, 0x00000000c5580000, 0x00000000eb980000)
  object space 42496K, 47% used [0x00000000c2c00000,0x00000000c3fe10a0,0x00000000c5580000)
 Metaspace       used 20836K, capacity 21098K, committed 21248K, reserved 1067008K
  class space    used 2632K, capacity 2731K, committed 2816K, reserved 1048576K
Event: 8.417 GC heap after
Heap after GC invocations=8 (full 1):
 PSYoungGen      total 74752K, used 0K [0x00000000eb980000, 0x00000000f4e80000, 0x0000000100000000)
  eden space 62464K, 0% used [0x00000000eb980000,0x00000000eb980000,0x00000000ef680000)
  from space 12288K, 0% used [0x00000000ef680000,0x00000000ef680000,0x00000000f0280000)
  to   space 13824K, 0% used [0x00000000f4100000,0x00000000f4100000,0x00000000f4e80000)
 ParOldGen       total 51712K, used 20036K [0x00000000c2c00000, 0x00000000c5e80000, 0x00000000eb980000)
  object space 51712K, 38% used [0x00000000c2c00000,0x00000000c3f911c0,0x00000000c5e80000)
 Metaspace       used 20836K, capacity 21098K, committed 21248K, reserved 1067008K
  class space    used 2632K, capacity 2731K, committed 2816K, reserved 1048576K
}

Deoptimization events (10 events):
Event: 7.128 Thread 0x00000188e0ac6000 Uncommon trap: reason=class_check action=maybe_recompile pc=0x00000188e2a18bc4 method=org.eclipse.xtext.nodemodel.impl.NodeModelBuilder.addChild(Lorg/eclipse/xtext/nodemodel/ICompositeNode;Lorg/eclipse/xtext/nodemodel/impl/AbstractNode;)V @ 6
Event: 7.851 Thread 0x00000188e0ac6000 Uncommon trap: reason=unstable_if action=reinterpret pc=0x00000188e282d9a4 method=java.util.concurrent.ConcurrentHashMap.putVal(Ljava/lang/Object;Ljava/lang/Object;Z)Ljava/lang/Object; @ 181
Event: 8.193 Thread 0x00000188e0ac6000 Uncommon trap: reason=bimorphic action=maybe_recompile pc=0x00000188e2c64f84 method=com.google.common.collect.AbstractIterator.tryToComputeNext()Z @ 9
Event: 8.193 Thread 0x00000188e0ac6000 Uncommon trap: reason=bimorphic action=maybe_recompile pc=0x00000188e2c64f84 method=com.google.common.collect.AbstractIterator.tryToComputeNext()Z @ 9
Event: 8.193 Thread 0x00000188e0ac6000 Uncommon trap: reason=bimorphic action=maybe_recompile pc=0x00000188e2c64f84 method=com.google.common.collect.AbstractIterator.tryToComputeNext()Z @ 9
Event: 8.193 Thread 0x00000188e0ac6000 Uncommon trap: reason=bimorphic action=maybe_recompile pc=0x00000188e2c64f84 method=com.google.common.collect.AbstractIterator.tryToComputeNext()Z @ 9
Event: 8.453 Thread 0x00000188e0ac6000 Uncommon trap: reason=unstable_if action=reinterpret pc=0x00000188e2cb8ba8 method=org.eclipse.emf.common.notify.impl.BasicNotifierImpl$EAdapterList.getAdapterForType(Ljava/lang/Object;)Lorg/eclipse/emf/common/notify/Adapter; @ 50
Event: 9.586 Thread 0x00000188e0ac6000 Uncommon trap: reason=unstable_if action=reinterpret pc=0x00000188e266abcc method=java.io.WinNTFileSystem.normalize(Ljava/lang/String;)Ljava/lang/String; @ 49
Event: 9.675 Thread 0x00000188e0ac6000 Uncommon trap: reason=predicate action=maybe_recompile pc=0x00000188e277e814 method=java.lang.String.regionMatches(ZILjava/lang/String;II)Z @ 63
Event: 10.631 Thread 0x00000188e0ac6000 Uncommon trap: reason=unstable_if action=reinterpret pc=0x00000188e2558248 method=java.lang.ThreadLocal$ThreadLocalMap.getEntry(Ljava/lang/ThreadLocal;)Ljava/lang/ThreadLocal$ThreadLocalMap$Entry; @ 29

Classes redefined (0 events):
No events

Internal exceptions (10 events):
Event: 8.594 Thread 0x00000188e0ac6000 Exception <a 'java/lang/reflect/InvocationTargetException'> (0x00000000ebd63dc0) thrown at [E:\Jenkins\workspace\temp\workspace\build\src\hotspot\src\share\vm\runtime\reflection.cpp, line 1092]
Event: 8.594 Thread 0x00000188e0ac6000 Exception <a 'java/lang/reflect/InvocationTargetException'> (0x00000000ebd6a3e0) thrown at [E:\Jenkins\workspace\temp\workspace\build\src\hotspot\src\share\vm\runtime\reflection.cpp, line 1092]
Event: 8.595 Thread 0x00000188e0ac6000 Exception <a 'java/lang/reflect/InvocationTargetException'> (0x00000000ebd709d0) thrown at [E:\Jenkins\workspace\temp\workspace\build\src\hotspot\src\share\vm\runtime\reflection.cpp, line 1092]
Event: 8.596 Thread 0x00000188e0ac6000 Exception <a 'java/lang/reflect/InvocationTargetException'> (0x00000000ebd798a8) thrown at [E:\Jenkins\workspace\temp\workspace\build\src\hotspot\src\share\vm\runtime\reflection.cpp, line 1092]
Event: 10.716 Thread 0x00000188e0ac6000 Exception <a 'java/security/PrivilegedActionException'> (0x00000000ed120d90) thrown at [E:\Jenkins\workspace\temp\workspace\build\src\hotspot\src\share\vm\prims\jvm.cpp, line 1514]
Event: 10.716 Thread 0x00000188e0ac6000 Exception <a 'java/security/PrivilegedActionException'> (0x00000000ed1222c0) thrown at [E:\Jenkins\workspace\temp\workspace\build\src\hotspot\src\share\vm\prims\jvm.cpp, line 1514]
Event: 10.716 Thread 0x00000188e0ac6000 Exception <a 'java/security/PrivilegedActionException'> (0x00000000ed1236f0) thrown at [E:\Jenkins\workspace\temp\workspace\build\src\hotspot\src\share\vm\prims\jvm.cpp, line 1514]
Event: 10.716 Thread 0x00000188e0ac6000 Exception <a 'java/security/PrivilegedActionException'> (0x00000000ed124db0) thrown at [E:\Jenkins\workspace\temp\workspace\build\src\hotspot\src\share\vm\prims\jvm.cpp, line 1514]
Event: 10.716 Thread 0x00000188e0ac6000 Exception <a 'java/security/PrivilegedActionException'> (0x00000000ed1261a8) thrown at [E:\Jenkins\workspace\temp\workspace\build\src\hotspot\src\share\vm\prims\jvm.cpp, line 1514]
Event: 10.716 Thread 0x00000188e0ac6000 Exception <a 'java/security/PrivilegedActionException'> (0x00000000ed127570) thrown at [E:\Jenkins\workspace\temp\workspace\build\src\hotspot\src\share\vm\prims\jvm.cpp, line 1514]

Events (10 events):
Event: 10.829 loading class org/lwjgl/openal/ALCdevice
Event: 10.829 loading class org/lwjgl/openal/ALCdevice done
Event: 10.830 loading class org/lwjgl/openal/ALCcontext
Event: 10.830 loading class org/lwjgl/openal/ALCcontext done
Event: 10.831 loading class java/nio/DirectIntBufferU
Event: 10.831 loading class java/nio/DirectIntBufferU done
Event: 10.831 loading class org/lwjgl/openal/Util
Event: 10.831 loading class org/lwjgl/openal/Util done
Event: 10.832 loading class org/lwjgl/openal/OpenALException
Event: 10.832 loading class org/lwjgl/openal/OpenALException done


Dynamic libraries:
0x00007ff698160000 - 0x00007ff6981b1000 	C:\Program Files\Eclipse Adoptium\jdk-8.0.402.6-hotspot\bin\javaw.exe
0x00007fff9b910000 - 0x00007fff9bb27000 	C:\Windows\SYSTEM32\ntdll.dll
0x00007fff9b380000 - 0x00007fff9b444000 	C:\Windows\System32\KERNEL32.DLL
0x00007fff99080000 - 0x00007fff99427000 	C:\Windows\System32\KERNELBASE.dll
0x00007fff9b0a0000 - 0x00007fff9b152000 	C:\Windows\System32\ADVAPI32.dll
0x00007fff99ac0000 - 0x00007fff99b67000 	C:\Windows\System32\msvcrt.dll
0x00007fff99d60000 - 0x00007fff99e08000 	C:\Windows\System32\sechost.dll
0x00007fff99050000 - 0x00007fff99078000 	C:\Windows\System32\bcrypt.dll
0x00007fff99e10000 - 0x00007fff99f25000 	C:\Windows\System32\RPCRT4.dll
0x00007fff99fb0000 - 0x00007fff9a15e000 	C:\Windows\System32\USER32.dll
0x00007fff995a0000 - 0x00007fff995c6000 	C:\Windows\System32\win32u.dll
0x00007fff9abb0000 - 0x00007fff9abd9000 	C:\Windows\System32\GDI32.dll
0x00007fff98dd0000 - 0x00007fff98ee9000 	C:\Windows\System32\gdi32full.dll
0x00007fff98ef0000 - 0x00007fff98f8a000 	C:\Windows\System32\msvcp_win.dll
0x00007fff98cb0000 - 0x00007fff98dc1000 	C:\Windows\System32\ucrtbase.dll
0x00007fff85a70000 - 0x00007fff85d03000 	C:\Windows\WinSxS\amd64_microsoft.windows.common-controls_6595b64144ccf1df_6.0.22621.3527_none_270e469b73872a76\COMCTL32.dll
0x00007fff9ab70000 - 0x00007fff9aba1000 	C:\Windows\System32\IMM32.DLL
0x00007fff8db50000 - 0x00007fff8db65000 	C:\Program Files\Eclipse Adoptium\jdk-8.0.402.6-hotspot\jre\bin\vcruntime140.dll
0x00007fff72e60000 - 0x00007fff72efb000 	C:\Program Files\Eclipse Adoptium\jdk-8.0.402.6-hotspot\jre\bin\msvcp140.dll
0x0000000068c50000 - 0x00000000694a9000 	C:\Program Files\Eclipse Adoptium\jdk-8.0.402.6-hotspot\jre\bin\server\jvm.dll
0x00007fff99fa0000 - 0x00007fff99fa8000 	C:\Windows\System32\PSAPI.DLL
0x00007fff7a9a0000 - 0x00007fff7a9a9000 	C:\Windows\SYSTEM32\WSOCK32.dll
0x00007fff9b260000 - 0x00007fff9b2d1000 	C:\Windows\System32\WS2_32.dll
0x00007fff91870000 - 0x00007fff918a4000 	C:\Windows\SYSTEM32\WINMM.dll
0x00007fff8bda0000 - 0x00007fff8bdaa000 	C:\Windows\SYSTEM32\VERSION.dll
0x00007fff97c10000 - 0x00007fff97c28000 	C:\Windows\SYSTEM32\kernel.appcore.dll
0x00007fff8f150000 - 0x00007fff8f160000 	C:\Program Files\Eclipse Adoptium\jdk-8.0.402.6-hotspot\jre\bin\verify.dll
0x00007fff84e20000 - 0x00007fff84e4b000 	C:\Program Files\Eclipse Adoptium\jdk-8.0.402.6-hotspot\jre\bin\java.dll
0x00007fff7fba0000 - 0x00007fff7fbb8000 	C:\Program Files\Eclipse Adoptium\jdk-8.0.402.6-hotspot\jre\bin\zip.dll
0x00007fff9a260000 - 0x00007fff9aabc000 	C:\Windows\System32\SHELL32.dll
0x00007fff96b20000 - 0x00007fff97416000 	C:\Windows\SYSTEM32\windows.storage.dll
0x00007fff9b450000 - 0x00007fff9b7d8000 	C:\Windows\System32\combase.dll
0x00007fff969e0000 - 0x00007fff96b1e000 	C:\Windows\SYSTEM32\wintypes.dll
0x00007fff9a160000 - 0x00007fff9a255000 	C:\Windows\System32\SHCORE.dll
0x00007fff9afe0000 - 0x00007fff9b03e000 	C:\Windows\System32\shlwapi.dll
0x00007fff98b60000 - 0x00007fff98b81000 	C:\Windows\SYSTEM32\profapi.dll
0x0000000065580000 - 0x0000000065616000 	C:\Users\thoma\AppData\Local\Temp\libgdxthoma\12dfaa03\gdx64.dll
0x00007fff98290000 - 0x00007fff982ab000 	C:\Windows\SYSTEM32\CRYPTSP.dll
0x00007fff97b70000 - 0x00007fff97ba5000 	C:\Windows\system32\rsaenh.dll
0x00007fff98120000 - 0x00007fff98148000 	C:\Windows\SYSTEM32\USERENV.dll
0x00007fff98c30000 - 0x00007fff98ca9000 	C:\Windows\System32\bcryptprimitives.dll
0x00007fff98280000 - 0x00007fff9828c000 	C:\Windows\SYSTEM32\CRYPTBASE.dll
0x00007fff7fa80000 - 0x00007fff7fa9c000 	C:\Program Files\Eclipse Adoptium\jdk-8.0.402.6-hotspot\jre\bin\net.dll
0x00007fff98080000 - 0x00007fff980e9000 	C:\Windows\system32\mswsock.dll
0x00007fff97710000 - 0x00007fff9773d000 	C:\Windows\SYSTEM32\IPHLPAPI.DLL
0x00007fff9abe0000 - 0x00007fff9abe9000 	C:\Windows\System32\NSI.dll
0x00007fff92060000 - 0x00007fff92079000 	C:\Windows\SYSTEM32\dhcpcsvc6.DLL
0x00007fff91c40000 - 0x00007fff91c5f000 	C:\Windows\SYSTEM32\dhcpcsvc.DLL
0x00007fff97740000 - 0x00007fff97838000 	C:\Windows\SYSTEM32\DNSAPI.dll
0x00007fff765b0000 - 0x00007fff765c3000 	C:\Program Files\Eclipse Adoptium\jdk-8.0.402.6-hotspot\jre\bin\nio.dll
0x0000000180000000 - 0x0000000180053000 	C:\Users\thoma\AppData\Local\Temp\libgdxthoma\dc0f0009\lwjgl64.dll
0x00007fff8be30000 - 0x00007fff8bf30000 	C:\Windows\SYSTEM32\OPENGL32.dll
0x00007fff91c10000 - 0x00007fff91c3d000 	C:\Windows\SYSTEM32\GLU32.dll
0x00007fff95db0000 - 0x00007fff95de9000 	C:\Windows\SYSTEM32\dxcore.dll
0x00000188f8cf0000 - 0x00000188f8d54000 	C:\Users\thoma\AppData\Local\Temp\libgdxthoma\dc0f0009\OpenAL64.dll
0x00007fff9ae30000 - 0x00007fff9afd5000 	C:\Windows\System32\ole32.dll
0x00007fff95cb0000 - 0x00007fff95d5b000 	C:\Windows\system32\uxtheme.dll
0x00007fff9aac0000 - 0x00007fff9ab70000 	C:\Windows\System32\clbcatq.dll
0x00007fff563d0000 - 0x00007fff56472000 	C:\Windows\SYSTEM32\dsound.dll
0x00007fff503e0000 - 0x00007fff50491000 	C:\Windows\SYSTEM32\ResampleDmo.DLL
0x00007fff9ad50000 - 0x00007fff9ae27000 	C:\Windows\System32\OLEAUT32.dll
0x00007fff98af0000 - 0x00007fff98b3d000 	C:\Windows\SYSTEM32\powrprof.dll
0x00007fff80600000 - 0x00007fff80629000 	C:\Windows\SYSTEM32\winmmbase.dll
0x00007fff7fcd0000 - 0x00007fff7fcdb000 	C:\Windows\SYSTEM32\msdmo.dll
0x00007fff98ad0000 - 0x00007fff98ae3000 	C:\Windows\SYSTEM32\UMPDC.dll
0x00007fff87f10000 - 0x00007fff87fad000 	C:\Windows\System32\MMDevApi.dll
0x00007fff987f0000 - 0x00007fff9881c000 	C:\Windows\System32\DEVOBJ.dll
0x00007fff98820000 - 0x00007fff9886e000 	C:\Windows\SYSTEM32\cfgmgr32.dll
0x00007fff85470000 - 0x00007fff8565c000 	C:\Windows\SYSTEM32\AUDIOSES.DLL
0x00007fff96600000 - 0x00007fff96832000 	C:\Windows\SYSTEM32\dbghelp.dll

VM Arguments:
jvm_args: -Duser.language=es_AR -Dfile.encoding=UTF-8 
java_command: org.uqbar.project.wollok.launch.WollokLauncher -requestsPort 0 -eventsPort 0 -folder -dontValidate -wf src/juego.wpgm
java_class_path (initial): C:\Users\thoma\Desktop\FACULTAD\ALGO1\TPS\tp_algo_1_bomberman\bin;C:\Users\thoma\Desktop\wollok\plugins\com.ibm.icu_64.2.0.v20190507-1337.jar;C:\Users\thoma\Desktop\wollok\plugins\org.eclipse.xtext_2.20.0.v20191202-0915.jar;C:\Users\thoma\Desktop\wollok\plugins\org.eclipse.emf.ecore.xmi_2.16.0.v20190528-0725.jar;C:\Users\thoma\Desktop\wollok\plugins\org.eclipse.emf.ecore_2.20.0.v20190920-0401.jar;C:\Users\thoma\Desktop\wollok\plugins\org.eclipse.emf.common_2.17.0.v20190920-0401.jar;C:\Users\thoma\Desktop\wollok\plugins\org.antlr.runtime_3.2.0.v201101311130.jar;C:\Users\thoma\Desktop\wollok\plugins\com.google.inject_3.0.0.v201605172100.jar;C:\Users\thoma\Desktop\wollok\plugins\org.eclipse.emf.mwe.core_1.5.1.v20191121-1148.jar;C:\Users\thoma\Desktop\wollok\plugins\org.apache.commons.cli_1.2.0.v201404270220.jar;C:\Users\thoma\Desktop\wollok\plugins\org.eclipse.emf.mwe2.runtime_2.11.1.v20191121-1148.jar;C:\Users\thoma\Desktop\wollok\plugins\org.eclipse.emf.mwe.utils_1.5.1.v20191121-1148.jar;C:\Users\thoma\Desktop\wollok\plugins\org.eclipse.xtext.util_2.20.0.v20191202-0915.jar;C:\Users\thoma\Desktop\wollok\plugins\com.google.guava_27.1.0.v20190517-1946.jar;C:\Users\thoma\Desktop\wollok\plugins\javax.inject_1.0.0.v20091030.jar;C:\Users\thoma\Desktop\wollok\plugins\org.eclipse.xtext.generator_2.20.0.v20191202-0933.jar;C:\Users\thoma\Desktop\wollok\plugins\org.eclipse.xtext.xtext.generator_2.20.0.v20191202-0915.jar;C:\Users\thoma\Desktop\wollok\plugins\org.eclipse.xtext.xbase.lib_2.20.0.v20191202-0907.jar;C:\Users\thoma\Desktop\wollok\plugins\org.eclipse.emf.codegen.ecore_2.20.0.v20191012-0918.jar;C:\Users\thoma\Desktop\wollok\plugins\org.eclipse.emf.codegen_2.19.0.v20190821-1536.jar;C:\Users\thoma\Desktop\wollok\plugins\org.eclipse.xtend_2.2.0.v201605260315.jar;C:\Users\thoma\Desktop\wollok\plugins\org.eclipse.xpand_2.2.0.v201605260315.jar;C:\Users\thoma\Desktop\wollok\plugins\org.eclipse.xtend.typesystem.emf_2.2.0.v201605260315.jar;C:\Users\th
Launcher Type: SUN_STANDARD

Environment Variables:
PATH=C:/Program Files/Eclipse Adoptium/jdk-8.0.402.6-hotspot/bin/../jre/bin/server;C:/Program Files/Eclipse Adoptium/jdk-8.0.402.6-hotspot/bin/../jre/bin;C:/Program Files/Eclipse Adoptium/jdk-8.0.402.6-hotspot/bin/../jre/lib/amd64;C:\Program Files\Eclipse Adoptium\jdk-8.0.402.6-hotspot\bin;C:\Windows\system32;C:\Windows;C:\Windows\System32\Wbem;C:\Windows\System32\WindowsPowerShell\v1.0\;C:\Windows\System32\OpenSSH\;C:\Program Files\Git\cmd;C:\Users\thoma\AppData\Local\Microsoft\WindowsApps;;C:\Users\thoma\Desktop\wollok;
USERNAME=thoma
OS=Windows_NT
PROCESSOR_IDENTIFIER=Intel64 Family 6 Model 122 Stepping 8, GenuineIntel



---------------  S Y S T E M  ---------------

OS: Windows 11 , 64 bit Build 22621 (10.0.22621.3527)

CPU:total 2 (initial active 2) (2 cores per cpu, 1 threads per core) family 6 model 122 stepping 8, cmov, cx8, fxsr, mmx, sse, sse2, sse3, ssse3, sse4.1, sse4.2, popcnt, aes, clmul, erms, 3dnowpref, tsc, tscinvbit

Memory: 4k page, physical 4012932k(469216k free), swap 12244188k(3926744k free)

vm_info: OpenJDK 64-Bit Server VM (25.402-b06) for windows-amd64 JRE (1.8.0_402-b06), built on Jan 16 2024 21:53:06 by "jenkins" with MS VC++ 15.9 (VS2017)

time: Tue Jun  4 13:16:07 2024
timezone: Hora estándar de Argentina
elapsed time: 10.959884 seconds (0d 0h 0m 10s)

